30-Nov-2022 15:21:57.165 INFO [main] org.apache.catalina.startup.VersionLoggerListener.log Server version name:   Apache Tomcat/8.5.83
30-Nov-2022 15:21:57.170 INFO [main] org.apache.catalina.startup.VersionLoggerListener.log Server built:          Oct 3 2022 21:11:09 UTC
30-Nov-2022 15:21:57.171 INFO [main] org.apache.catalina.startup.VersionLoggerListener.log Server version number: 8.5.83.0
30-Nov-2022 15:21:57.171 INFO [main] org.apache.catalina.startup.VersionLoggerListener.log OS Name:               Windows 10
30-Nov-2022 15:21:57.171 INFO [main] org.apache.catalina.startup.VersionLoggerListener.log OS Version:            10.0
30-Nov-2022 15:21:57.171 INFO [main] org.apache.catalina.startup.VersionLoggerListener.log Architecture:          amd64
30-Nov-2022 15:21:57.171 INFO [main] org.apache.catalina.startup.VersionLoggerListener.log Java Home:             C:\Program Files\Java\jdk-11.0.15.1
30-Nov-2022 15:21:57.172 INFO [main] org.apache.catalina.startup.VersionLoggerListener.log JVM Version:           11.0.15.1+2-LTS-10
30-Nov-2022 15:21:57.172 INFO [main] org.apache.catalina.startup.VersionLoggerListener.log JVM Vendor:            Oracle Corporation
30-Nov-2022 15:21:57.172 INFO [main] org.apache.catalina.startup.VersionLoggerListener.log CATALINA_BASE:         C:\nntan\Project\ASPNETCORE\Jmaster\Java-SpringMVC\JMaster-Java-SpringMVC\apache-tomcat-8.5.83\apache-tomcat-8.5.83
30-Nov-2022 15:21:57.172 INFO [main] org.apache.catalina.startup.VersionLoggerListener.log CATALINA_HOME:         C:\nntan\Project\ASPNETCORE\Jmaster\Java-SpringMVC\JMaster-Java-SpringMVC\apache-tomcat-8.5.83\apache-tomcat-8.5.83
30-Nov-2022 15:21:57.173 INFO [main] org.apache.catalina.startup.VersionLoggerListener.log Command line argument: --add-opens=java.base/java.lang=ALL-UNNAMED
30-Nov-2022 15:21:57.173 INFO [main] org.apache.catalina.startup.VersionLoggerListener.log Command line argument: --add-opens=java.base/java.io=ALL-UNNAMED
30-Nov-2022 15:21:57.174 INFO [main] org.apache.catalina.startup.VersionLoggerListener.log Command line argument: --add-opens=java.base/java.util=ALL-UNNAMED
30-Nov-2022 15:21:57.174 INFO [main] org.apache.catalina.startup.VersionLoggerListener.log Command line argument: --add-opens=java.base/java.util.concurrent=ALL-UNNAMED
30-Nov-2022 15:21:57.174 INFO [main] org.apache.catalina.startup.VersionLoggerListener.log Command line argument: --add-opens=java.rmi/sun.rmi.transport=ALL-UNNAMED
30-Nov-2022 15:21:57.174 INFO [main] org.apache.catalina.startup.VersionLoggerListener.log Command line argument: -Djava.util.logging.config.file=C:\nntan\Project\ASPNETCORE\Jmaster\Java-SpringMVC\JMaster-Java-SpringMVC\apache-tomcat-8.5.83\apache-tomcat-8.5.83\conf\logging.properties
30-Nov-2022 15:21:57.175 INFO [main] org.apache.catalina.startup.VersionLoggerListener.log Command line argument: -Djava.util.logging.manager=org.apache.juli.ClassLoaderLogManager
30-Nov-2022 15:21:57.175 INFO [main] org.apache.catalina.startup.VersionLoggerListener.log Command line argument: -Djdk.tls.ephemeralDHKeySize=2048
30-Nov-2022 15:21:57.175 INFO [main] org.apache.catalina.startup.VersionLoggerListener.log Command line argument: -Djava.protocol.handler.pkgs=org.apache.catalina.webresources
30-Nov-2022 15:21:57.176 INFO [main] org.apache.catalina.startup.VersionLoggerListener.log Command line argument: -Dignore.endorsed.dirs=
30-Nov-2022 15:21:57.176 INFO [main] org.apache.catalina.startup.VersionLoggerListener.log Command line argument: -Dcatalina.base=C:\nntan\Project\ASPNETCORE\Jmaster\Java-SpringMVC\JMaster-Java-SpringMVC\apache-tomcat-8.5.83\apache-tomcat-8.5.83
30-Nov-2022 15:21:57.177 INFO [main] org.apache.catalina.startup.VersionLoggerListener.log Command line argument: -Dcatalina.home=C:\nntan\Project\ASPNETCORE\Jmaster\Java-SpringMVC\JMaster-Java-SpringMVC\apache-tomcat-8.5.83\apache-tomcat-8.5.83
30-Nov-2022 15:21:57.180 INFO [main] org.apache.catalina.startup.VersionLoggerListener.log Command line argument: -Djava.io.tmpdir=C:\nntan\Project\ASPNETCORE\Jmaster\Java-SpringMVC\JMaster-Java-SpringMVC\apache-tomcat-8.5.83\apache-tomcat-8.5.83\temp
30-Nov-2022 15:21:57.180 INFO [main] org.apache.catalina.core.AprLifecycleListener.lifecycleEvent Loaded Apache Tomcat Native library [1.2.35] using APR version [1.7.0].
30-Nov-2022 15:21:57.182 INFO [main] org.apache.catalina.core.AprLifecycleListener.lifecycleEvent APR capabilities: IPv6 [true], sendfile [true], accept filters [false], random [true], UDS [{4}].
30-Nov-2022 15:21:57.182 INFO [main] org.apache.catalina.core.AprLifecycleListener.lifecycleEvent APR/OpenSSL configuration: useAprConnector [false], useOpenSSL [true]
30-Nov-2022 15:21:57.188 INFO [main] org.apache.catalina.core.AprLifecycleListener.initializeSSL OpenSSL successfully initialized [OpenSSL 1.1.1q  5 Jul 2022]
30-Nov-2022 15:21:57.233 INFO [main] org.apache.coyote.AbstractProtocol.init Initializing ProtocolHandler ["http-nio-8080"]
30-Nov-2022 15:21:57.260 INFO [main] org.apache.catalina.startup.Catalina.load Initialization processed in 519 ms
30-Nov-2022 15:21:57.316 INFO [main] org.apache.catalina.core.StandardService.startInternal Starting service [Catalina]
30-Nov-2022 15:21:57.317 INFO [main] org.apache.catalina.core.StandardEngine.startInternal Starting Servlet engine: [Apache Tomcat/8.5.83]
30-Nov-2022 15:21:57.342 INFO [localhost-startStop-1] org.apache.catalina.startup.HostConfig.deployWAR Deploying web application archive [C:\nntan\Project\ASPNETCORE\Jmaster\Java-SpringMVC\JMaster-Java-SpringMVC\apache-tomcat-8.5.83\apache-tomcat-8.5.83\webapps\Hello.war]
30-Nov-2022 15:22:05.076 INFO [localhost-startStop-1] org.apache.jasper.servlet.TldScanner.scanJars At least one JAR was scanned for TLDs yet contained no TLDs. Enable debug logging for this logger for a complete list of JARs that were scanned but no TLDs were found in them. Skipping unneeded JARs during scanning can improve startup time and JSP compilation time.
30-Nov-2022 15:22:05.352 WARNING [localhost-startStop-1] org.apache.catalina.util.SessionIdGeneratorBase.createSecureRandom Creation of SecureRandom instance for session ID generation using [SHA1PRNG] took [130] milliseconds.
30-Nov-2022 15:22:09.319 INFO [localhost-startStop-1] org.apache.catalina.startup.HostConfig.deployWAR Deployment of web application archive [C:\nntan\Project\ASPNETCORE\Jmaster\Java-SpringMVC\JMaster-Java-SpringMVC\apache-tomcat-8.5.83\apache-tomcat-8.5.83\webapps\Hello.war] has finished in [11,978] ms
30-Nov-2022 15:22:09.321 INFO [localhost-startStop-1] org.apache.catalina.startup.HostConfig.deployDirectory Deploying web application directory [C:\nntan\Project\ASPNETCORE\Jmaster\Java-SpringMVC\JMaster-Java-SpringMVC\apache-tomcat-8.5.83\apache-tomcat-8.5.83\webapps\docs]
30-Nov-2022 15:22:09.352 INFO [localhost-startStop-1] org.apache.catalina.startup.HostConfig.deployDirectory Deployment of web application directory [C:\nntan\Project\ASPNETCORE\Jmaster\Java-SpringMVC\JMaster-Java-SpringMVC\apache-tomcat-8.5.83\apache-tomcat-8.5.83\webapps\docs] has finished in [31] ms
30-Nov-2022 15:22:09.352 INFO [localhost-startStop-1] org.apache.catalina.startup.HostConfig.deployDirectory Deploying web application directory [C:\nntan\Project\ASPNETCORE\Jmaster\Java-SpringMVC\JMaster-Java-SpringMVC\apache-tomcat-8.5.83\apache-tomcat-8.5.83\webapps\examples]
30-Nov-2022 15:22:10.064 INFO [localhost-startStop-1] org.apache.catalina.startup.HostConfig.deployDirectory Deployment of web application directory [C:\nntan\Project\ASPNETCORE\Jmaster\Java-SpringMVC\JMaster-Java-SpringMVC\apache-tomcat-8.5.83\apache-tomcat-8.5.83\webapps\examples] has finished in [712] ms
30-Nov-2022 15:22:10.065 INFO [localhost-startStop-1] org.apache.catalina.startup.HostConfig.deployDirectory Deploying web application directory [C:\nntan\Project\ASPNETCORE\Jmaster\Java-SpringMVC\JMaster-Java-SpringMVC\apache-tomcat-8.5.83\apache-tomcat-8.5.83\webapps\host-manager]
30-Nov-2022 15:22:10.110 INFO [localhost-startStop-1] org.apache.catalina.startup.HostConfig.deployDirectory Deployment of web application directory [C:\nntan\Project\ASPNETCORE\Jmaster\Java-SpringMVC\JMaster-Java-SpringMVC\apache-tomcat-8.5.83\apache-tomcat-8.5.83\webapps\host-manager] has finished in [45] ms
30-Nov-2022 15:22:10.110 INFO [localhost-startStop-1] org.apache.catalina.startup.HostConfig.deployDirectory Deploying web application directory [C:\nntan\Project\ASPNETCORE\Jmaster\Java-SpringMVC\JMaster-Java-SpringMVC\apache-tomcat-8.5.83\apache-tomcat-8.5.83\webapps\manager]
30-Nov-2022 15:22:10.153 INFO [localhost-startStop-1] org.apache.catalina.startup.HostConfig.deployDirectory Deployment of web application directory [C:\nntan\Project\ASPNETCORE\Jmaster\Java-SpringMVC\JMaster-Java-SpringMVC\apache-tomcat-8.5.83\apache-tomcat-8.5.83\webapps\manager] has finished in [43] ms
30-Nov-2022 15:22:10.153 INFO [localhost-startStop-1] org.apache.catalina.startup.HostConfig.deployDirectory Deploying web application directory [C:\nntan\Project\ASPNETCORE\Jmaster\Java-SpringMVC\JMaster-Java-SpringMVC\apache-tomcat-8.5.83\apache-tomcat-8.5.83\webapps\ROOT]
30-Nov-2022 15:22:10.186 INFO [localhost-startStop-1] org.apache.catalina.startup.HostConfig.deployDirectory Deployment of web application directory [C:\nntan\Project\ASPNETCORE\Jmaster\Java-SpringMVC\JMaster-Java-SpringMVC\apache-tomcat-8.5.83\apache-tomcat-8.5.83\webapps\ROOT] has finished in [33] ms
30-Nov-2022 15:22:10.193 INFO [main] org.apache.coyote.AbstractProtocol.start Starting ProtocolHandler ["http-nio-8080"]
30-Nov-2022 15:22:10.212 INFO [main] org.apache.catalina.startup.Catalina.start Server startup in 12951 ms
30-Nov-2022 15:22:10.213 SEVERE [main] org.apache.catalina.core.StandardServer.await Failed to create server shutdown socket on address [localhost] and port [8005] (base port [8005] and offset [0])
	java.net.BindException: Address already in use: NET_Bind
		at java.base/java.net.PlainSocketImpl.bind0(Native Method)
		at java.base/java.net.PlainSocketImpl.socketBind(PlainSocketImpl.java:132)
		at java.base/java.net.AbstractPlainSocketImpl.bind(AbstractPlainSocketImpl.java:452)
		at java.base/java.net.ServerSocket.bind(ServerSocket.java:381)
		at java.base/java.net.ServerSocket.<init>(ServerSocket.java:243)
		at org.apache.catalina.core.StandardServer.await(StandardServer.java:446)
		at org.apache.catalina.startup.Catalina.await(Catalina.java:783)
		at org.apache.catalina.startup.Catalina.start(Catalina.java:729)
		at java.base/jdk.internal.reflect.NativeMethodAccessorImpl.invoke0(Native Method)
		at java.base/jdk.internal.reflect.NativeMethodAccessorImpl.invoke(NativeMethodAccessorImpl.java:62)
		at java.base/jdk.internal.reflect.DelegatingMethodAccessorImpl.invoke(DelegatingMethodAccessorImpl.java:43)
		at java.base/java.lang.reflect.Method.invoke(Method.java:566)
		at org.apache.catalina.startup.Bootstrap.start(Bootstrap.java:345)
		at org.apache.catalina.startup.Bootstrap.main(Bootstrap.java:476)
30-Nov-2022 15:22:10.213 INFO [main] org.apache.coyote.AbstractProtocol.pause Pausing ProtocolHandler ["http-nio-8080"]
30-Nov-2022 15:22:10.371 INFO [main] org.apache.catalina.core.StandardService.stopInternal Stopping service [Catalina]
30-Nov-2022 15:22:10.397 WARNING [localhost-startStop-1] org.apache.catalina.loader.WebappClassLoaderBase.clearReferencesJdbc The web application [Hello] registered the JDBC driver [com.mysql.cj.jdbc.Driver] but failed to unregister it when the web application was stopped. To prevent a memory leak, the JDBC Driver has been forcibly unregistered.
30-Nov-2022 15:22:10.398 WARNING [localhost-startStop-1] org.apache.catalina.loader.WebappClassLoaderBase.clearReferencesThreads The web application [Hello] appears to have started a thread named [Abandoned connection cleanup thread] but has failed to stop it. This is very likely to create a memory leak. Stack trace of thread:
 java.base@11.0.15.1/java.lang.Object.wait(Native Method)
 java.base@11.0.15.1/java.lang.ref.ReferenceQueue.remove(ReferenceQueue.java:155)
 com.mysql.cj.jdbc.AbandonedConnectionCleanupThread.run(AbandonedConnectionCleanupThread.java:70)
 java.base@11.0.15.1/java.util.concurrent.ThreadPoolExecutor.runWorker(ThreadPoolExecutor.java:1128)
 java.base@11.0.15.1/java.util.concurrent.ThreadPoolExecutor$Worker.run(ThreadPoolExecutor.java:628)
 java.base@11.0.15.1/java.lang.Thread.run(Thread.java:834)
30-Nov-2022 15:22:10.405 INFO [main] org.apache.coyote.AbstractProtocol.stop Stopping ProtocolHandler ["http-nio-8080"]
30-Nov-2022 15:22:10.420 INFO [main] org.apache.coyote.AbstractProtocol.destroy Destroying ProtocolHandler ["http-nio-8080"]
